== Info:   Trying 54.239.20.255...
== Info: TCP_NODELAY set
== Info: Connected to access-alexa-na.amazon.com (54.239.20.255) port 443 (#0)
== Info: ALPN, offering http/1.1
== Info: Cipher selection: ALL:!EXPORT:!EXPORT40:!EXPORT56:!aNULL:!LOW:!RC4:@STRENGTH
== Info: successfully set certificate verify locations:
== Info:   CAfile: /etc/ssl/certs/ca-certificates.crt
  CApath: /etc/ssl/certs
== Info: TLSv1.2 (OUT), TLS header, Certificate Status (22):
=> Send SSL data, 5 bytes (0x5)
0000: .....
== Info: TLSv1.2 (OUT), TLS handshake, Client hello (1):
=> Send SSL data, 512 bytes (0x200)
0000: ...........#...o.]I.......W.$YI&.....l....0.,.(.$.............k.
0040: j.i.h.9.8.7.6.........2...*.&.......=.5.../.+.'.#.............g.
0080: @.?.>.3.2.1.0.........E.D.C.B.1.-.).%.......<./...A.............
00c0: ..........5.........access-alexa-na.amazon.com..................
0100: ......................... .....................................3
0140: t.........http/1.1..............................................
0180: ................................................................
01c0: ................................................................
<= Recv SSL data, 5 bytes (0x5)
0000: ....h
== Info: TLSv1.2 (IN), TLS handshake, Server hello (2):
<= Recv SSL data, 104 bytes (0x68)
0000: ...d..9'......g.e...e.....K....[..aQ.. ....p.Z.Hs..............(
0040: q...Y.^./.......................http/1.1
<= Recv SSL data, 5 bytes (0x5)
0000: ....B
== Info: TLSv1.2 (IN), TLS handshake, Certificate (11):
<= Recv SSL data, 2882 bytes (0xb42)
0000: ...>..;...0...0..........4W...:.[.#q....;0...*.H........0~1.0...
0040: U....US1.0...U....Symantec Corporation1.0...U....Symantec Trust 
0080: Network1/0-..U...&Symantec Class 3 Secure Server CA - G40...1709
00c0: 18000000Z..180618235959Z0t1.0...U....US1.0...U....Washington1.0.
0100: ..U....Seattle1.0...U....Amazon.com, Inc.1#0!..U....access-alexa
0140: -na.amazon.com0.."0...*.H.............0.............4......../i.
0180: ,Opv"....:..Nf..tg..)l>..2r....+x5z..65ku.....+......efsg.......
01c0: .........\`L67tv$.6.Y.b{|.....d.......7*.V.f.8.....c..7..pf...D.
0200: gS..[W..O.o_..q.6.,I.?SK.D.9..%...<..:d..c...>..N.............i.
0240: .9a.b.....c....@...;S..,...8[H.m....+..2...M...........w0..s0%..
0280: U....0...access-alexa-na.amazon.com0...U....0.0...U...........0.
02c0: ..U.%..0...+.........+.......0a..U. .Z0X0V..g.....0L0#..+.......
0300: ..https://d.symcb.com/cps0%..+.......0...https://d.symcb.com/rpa
0340: 0...U.#..0..._`.a.U..C..`*..z.C..0+..U...$0"0 ......http://ss.sy
0380: mcb.com/ss.crl0W..+........K0I0...+.....0...http://ss.symcd.com0
03c0: &..+.....0...http://ss.symcb.com/ss.crt0.....+.....y............
0400: w....+z.O. ....hp~.....\..=..........^..I......H0F.!..4..sv..V/k
0440: [.:...I......~..t..c..!....hDf.r?..RX...5.>#)....t..e....u......
0480: .X......gp.<5.......w.........^..J+.....F0D. ....X...=..EM!xf..
04c0: .|.0.......*t. s......X.9..e&Dw.>..h.N..U..'2X;0...*.H..........
0500: .....%n{...j.3......,7v..{.@2.+@.`..#tt..........u..:...^.B...`.
0540: C..M...^...Y.?....9....!..<....-...-w.;f.N....B9..'.zF@........A
0580: ...K.....LP..a8..&0.B....s...'u-..m..>D.kE.t.I..M..B[A......$...
05c0: <.O7?;..T..C...A....Q4..&....}.XK..F.y.M.q......V2[.v....`}.....
0600: c....<0..80.. .......Q?.t8p.4@A.0....0...*.H........0..1.0...U..
0640: ..US1.0...U....VeriSign, Inc.1.0...U....VeriSign Trust Network1:
0680: 08..U...1(c) 2006 VeriSign, Inc. - For authorized use only1E0C..
06c0: U...<VeriSign Class 3 Public Primary Certification Authority - G
0700: 50...131031000000Z..231030235959Z0~1.0...U....US1.0...U....Syman
0740: tec Corporation1.0...U....Symantec Trust Network1/0-..U...&Syman
0780: tec Class 3 Secure Server CA - G40.."0...*.H.............0......
07c0: .......t-..V9.JR...K...h..B(b..0S~U..[.z./.y....w....Y...z.'.-..
0800: .Z'..z.S%.H.FO..)..yV....:h..K.3A...<...z.!."..'...ha...Q.3....
0840: .~.b...{.t.i5...=.......D.%.J....m.T.*j&..:cH..L.u.P../........%
0880: ]..:.&M.)...=#o.J..........U2=.....R.J..zR!cu/...f......'..D|oK?
08c0: ..........c0.._0...U.......0.......00..U...)0'0%.#.!..http://s1.
0900: symcb.com/pca3-g5.crl0...U...........0/..+........#0!0...+.....0
0940: ...http://s2.symcb.com0k..U. .d0b0`..`.H...E..60R0&..+.........h
0980: ttp://www.symauth.com/cps0(..+.......0...http://www.symauth.com/
09c0: rpa0)..U..."0 ..0.1.0...U....SymantecPKI-1-5340...U......_`.a.U.
0a00: .C..`*..z.C..0...U.#..0....e......0..C9...3130...*.H...........
0a40: ..^.VI..-e..6Q.....s...Y.X~l&.,...\#.",7...........2.Eo......p.2
0a80: Be....*.?.....}C.t!.5(.c.....\K.. ....E.....]..K..$.F@e."r.....
0ac0: ...3....~....%X.qh......NR$-..y.S.^/-M.m@.R+...x..n.M.-x..,=._.
0b00: ......0Rd....f..v...t.*..:......k....A."c....o)cf-?..r.......;O.
0b40: ).
<= Recv SSL data, 5 bytes (0x5)
0000: ....M
== Info: TLSv1.2 (IN), TLS handshake, Server key exchange (12):
<= Recv SSL data, 333 bytes (0x14d)
0000: ...I...A..._...&..r.k..........)8..,.......PI..vyT.K3..?".: ..
0040: ....,........LK.#.u..f.....Ut...n..Ku!. 6.*.pA:V}...T.DKy..B..M.
0080: ...!...q.Zk...M .q..JeL.....~..a.=z)W...;.x.s.AZ....U39.k.y.w...
00c0: ..o..z.r..X^......M:...E...+:....8..'.W..@..?..=.Kt._''..T7._...
0100: .z.:.o.VL.......7.?.,.*....8`...z.[.....;.[.....<...KW.....cH..L
0140: ....D.|&...._
<= Recv SSL data, 5 bytes (0x5)
0000: .....
== Info: TLSv1.2 (IN), TLS handshake, Server finished (14):
<= Recv SSL data, 4 bytes (0x4)
0000: ....
=> Send SSL data, 5 bytes (0x5)
0000: ....F
== Info: TLSv1.2 (OUT), TLS handshake, Client key exchange (16):
=> Send SSL data, 70 bytes (0x46)
0000: ...BA..H.&p....#K...7.F.q.u.vL.^f.<...W.@>..j..@p$x..BA.z..x..5@
0040: .q..M.
=> Send SSL data, 5 bytes (0x5)
0000: .....
== Info: TLSv1.2 (OUT), TLS change cipher, Client hello (1):
=> Send SSL data, 1 bytes (0x1)
0000: .
=> Send SSL data, 5 bytes (0x5)
0000: ....(
== Info: TLSv1.2 (OUT), TLS handshake, Finished (20):
=> Send SSL data, 16 bytes (0x10)
0000: ......+3...r.>..
<= Recv SSL data, 5 bytes (0x5)
0000: .....
== Info: TLSv1.2 (IN), TLS change cipher, Client hello (1):
<= Recv SSL data, 1 bytes (0x1)
0000: .
<= Recv SSL data, 5 bytes (0x5)
0000: ....(
== Info: TLSv1.2 (IN), TLS handshake, Finished (20):
<= Recv SSL data, 16 bytes (0x10)
0000: .....qs%H.cJ....
== Info: SSL connection using TLSv1.2 / ECDHE-RSA-AES128-GCM-SHA256
== Info: ALPN, server accepted to use http/1.1
== Info: Server certificate:
== Info:  subject: C=US; ST=Washington; L=Seattle; O=Amazon.com, Inc.; CN=access-alexa-na.amazon.com
== Info:  start date: Sep 18 00:00:00 2017 GMT
== Info:  expire date: Jun 18 23:59:59 2018 GMT
== Info:  subjectAltName: host "access-alexa-na.amazon.com" matched cert's "access-alexa-na.amazon.com"
== Info:  issuer: C=US; O=Symantec Corporation; OU=Symantec Trust Network; CN=Symantec Class 3 Secure Server CA - G4
== Info:  SSL certificate verify ok.
=> Send SSL data, 5 bytes (0x5)
0000: ....f
=> Send header, 846 bytes (0x34e)
0000: POST /v1/avs/speechrecognizer/recognize HTTP/1.1
0032: Host: access-alexa-na.amazon.com
0054: User-Agent: curl/7.55.1
006d: Accept: */*
007a: Authorization: Bearer Atza|IwEBIL0fyaco2WE6bbjF6w8WDUK-ARLnGIyYR
00ba: jFw8fmNZ_H1cawQPhnixmj-FDCF9a8F2713et9skHLw9FVM17QGg7z3kLNSr2kzR
00fa: MkBYmwKqgzn03XVYcAD_S_S2fnOy6LQfQZXDZVeASFblzNMPF6TO-bwFuxXkeGeH
013a: rkZCzRaLrfRPNrl4ga_2q1ge4iGssFNR68vMCa6RTNTZWAwt5_QopgvPNCHnekFG
017a: 5FMkGKH0pqGdBT5rtxdOX5EptmAKJh13CjxQQXDxb8S_hIqK_jV_JHgyfymrJ6Jx
01ba: nIoOnMgy5hY21Vlfr7briorPh3XxuCf3SYl782z7CJlVU2JGuGqjoV1aPdEczHJR
01fa: JImhPNZ5UAEjgcA-MGFblBKdUIUEsvUfJthha8k05XLuvrBcR98PiDuZSR28ak0i
023a: AgH6i823MPQ4TV_8DJsydh4oiFjOkWbh7x_6QuKOwxnntxf1YPFlTFQ2JH1qHmXY
027a: spdKHM7r2vBCPFoabs2Kt6WrkXUdSEO1NqJItj2gaVZ1FVKXjoQB53wP2W3hGnW7
02ba: u7evI4DNiqTjw
02c9: Content-Length: 39527
02e0: Expect: 100-continue
02f6: Content-Type: multipart/form-data; boundary=--------------------
0336: ----f4ee91cbadc37861
034c: 
<= Recv SSL data, 5 bytes (0x5)
0000: ....1
<= Recv header, 23 bytes (0x17)
0000: HTTP/1.1 100 Continue
=> Send SSL data, 5 bytes (0x5)
0000: .....
=> Send data, 141 bytes (0x8d)
0000: --------------------------f4ee91cbadc37861
002c: Content-Disposition: form-data; name="metadata"
005d: Content-Type: application/json;charset=UTF-8
008b: 
=> Send SSL data, 5 bytes (0x5)
0000: ....)
=> Send data, 273 bytes (0x111)
0000: {"messageHeader":{"deviceContext":[{"name":"playbackState","name
0040: space":"AudioPlayer","payload":{"streamId":"","offsetInMilliseco
0080: nds":"0","playerActivity":"IDLE"}}]},"messageBody":{"profile":"a
00c0: lexa-close-talk","locale":"en-us","format":"audio/L16; rate=1600
0100: 0; channels=1"}}.
=> Send SSL data, 5 bytes (0x5)
0000: .....
=> Send data, 141 bytes (0x8d)
0000: 
0002: --------------------------f4ee91cbadc37861
002e: Content-Disposition: form-data; name="audio"
005c: Content-Type: audio/L16;rate=16000;channels=1
008b: 
=> Send SSL data, 5 bytes (0x5)
0000: ...@.
=> Send data, 16384 bytes (0x4000)
0000: RIFF....WAVEfmt .........>...}......data........................
0040: ................................................................
0080: ................................................................
00c0: ................................................................
0100: ................................................................
0140: ................................................................
0180: ................................................................
01c0: ................................................................
0200: ................................................................
0240: ................................................................
0280: ................................................................
02c0: ................................................................
0300: ................................................................
0340: ................................................................
0380: ................................................................
03c0: ................................................................
0400: ................................................................
0440: ......................................!.......$.'."...).).*.-.-.
0480: *.$./...".1...6.). ././.1.+.&.*.!.+.'.'.'.......................
04c0: ................................................................
0500: ................................................................
0540: ................................................................
0580: ................................................................
05c0: ................................................................
0600: ................................................................
0640: ................................................................
0680: ................................................................
06c0: ................................................................
0700: ................................................................
0740: ............................!. .....$...!.'...!.......&.!...$.!.
0780: ".....". .......................................................
07c0: ................................................................
0800: ................................................................
0840: ................................................................
0880: ................................................................
08c0: ................................................................
0900: ................................................................
0940: ................................................................
0980: ................................................................
09c0: ................................................................
0a00: ........!.............%.....!.....!........... .................
0a40: ................................................................
0a80: ................................................................
0ac0: ................................................................
0b00: ................................................................
0b40: ................................................................
0b80: ................................................................
0bc0: ................................................................
0c00: ................................................................
0c40: ................................................................
0c80: ................................................................
0cc0: ................................................................
0d00: ................................................................
0d40: ................................................................
0d80: ................................................................
0dc0: ................................................................
0e00: ............................................!.$.%.!.&./.*.+./...
0e40: 3.-...2.5.-.0.5.+.-.-.5.,.).-.$.-.&.!. .........................
0e80: ................................................................
0ec0: ................................................................
0f00: ................................................................
0f40: ................................................................
0f80: ................................................................
0fc0: ................................................................
1000: ................................................................
1040: ..............................................................".
1080: ....!..... .....................................................
10c0: ................................................................
1100: ................................................................
1140: ................................................................
1180: ................................................................
11c0: ................................................................
1200: ................................................................
1240: ................................................................
1280: ................................................................
12c0: ................................................................
1300: ................................................................
1340: ................................................................
1380: ................................................................
13c0: ................................................................
1400: ................................................................
1440: ................................................................
1480: ................................................................
14c0: ................................................................
1500: ................................................................
1540: ................................................................
1580: ................................................................
15c0: ................................................................
1600: ................................................................
1640: ................................................................
1680: ................................................................
16c0: ................................................................
1700: ................................................................
1740: ................................................................
1780: ................................................................
17c0: .............................. .!.".!.........%. ..... .!.......
1800:  ...............................................................
1840: ................................................................
1880: ..............................................................!.
18c0: !.......#...#.........$.".....$.$.!.'. ...'.*.".!.*. ...$.+.-.".
1900: ../.*.../...,./.0.2.2.8.5.?.6.2.C.-.3.K.:.2.<.4.D.=.+.;./.>.?.5.
1940: ..-.G...*.5.....5.%.../.+.....).+.......#.................!.....
1980: ....2.......8.(.....(.6.....%.........&.............6..... .....
19c0: ......(.........................................%...............
1a00: ..............,.......6.%.........1.........3.........?.........
1a40: ....$.......................`................................./.
1a80: ..........+.........................m.....1.p...2... .k.'...^.E.
1ac0: *.....).......c...........i.....U......................... .....
1b00: |.....b...c...}...............R.x...............=...b.?.?.).O.4.
1b40: g...........+.........~.).7...T.......[.......L.H.&.H...1...J.+.
1b80: ....r.......k.h.%...L.7.....D...........g.....>.............k...
1bc0: ....2..........}.......2.......&.......1.......j.....s...l...1.
1c00: ..>.l...,...o.....0.........4.y.1.............<.*.E...%.q...,...
1c40: ....f...#...".....M...a.S.......#...;.......r...%.0...I.......g.
1c80: b...................i......... .....X.......:.....h...^.1.....S.
1cc0: ....U...V.....c...E.....u.s.............,.....o.....D."...L.....
1d00: ....>.......M.......Y.....k.!.............^...Y.A...........i...
1d40: ....1.W.A...m.....E.....7.............#.'...e.....Z.).k...8.....
1d80: ......".............;.)...B.".........E.z.........$...S...C.$...
1dc0: ....y.a.*. .l........./.f...k.....k.........:.T.K.F.......F.....
1e00: ......../.{.A.....`.1.................Q.{.7.....b.......`.j.Q...
1e40: ..~.......?.)...%...2.p.....j...................%.......j...z...
1e80: ..,.........L.x.......h.......W...........g.U.....3...n.....Q...
1ec0: ..........F...5.......a.......b.u.........9...o...w.|...........
1f00: X...2...w.....<.Y.....e.......~.....R.......2._...J.....c.4...U.
1f40: ......9.;.]...8...+...j.............+...............s.........H.
1f80: ......R.#.............d.Z.0...6.k.....7.E...r.I.......#.....;...
1fc0: M...).........T.......B.B.....#.T.B.....e.B...*.k...{./.f.......
2000: ..^.....!...........,.{.W.....n...m.....?.N.....Q.X.......A.....
2040: X.........................z...).........H.B...1...q...R...p.4.s.
2080: ........".......B.....d...V.......).y.......................2.5.
20c0: ......t...Z.......m.<.m.\.....f.b.....u.$.........F..".'.'.$;!_.
2100: ......4.u..G...W.......r.....>...v.2...&.2.n.7...........m.....
2140: ......o.......m.u.$...U.{.........H........._.a.......g...Z.....
2180: . .!V g ..S.........:...f .*.-.,.)*$..E...........Y...k.v.......
21c0: Q.4...).............$...R...x...q.e...1.*.....g.....o.....6...o.
2200: ............7...l...7 .!.#.%|&x&[&.%.&i'.(.'.&'$.!..x.....!....!
2240: .*./c1P..&(.....T.......S.|.g.-.A.....<....._...h.......J...`...
2280: ....`.}.B...~.........O.o.............................:.. .!.$&%
22c0: .$.%.&J'.(k(.(.(\%k"C!. . . ?...4..!.*.0:2./.(............_.....
2300: ..o.......j...........{...m...........c.D.p.....4.i.............
2340: F...R.........".......Y.3.d.w!.$2&-'.'.'.'.(.).*.+Q*/'.${".!.!.!
2380: 9 ...$q..4L6.4.,......Z...K...............I.`...^.].........`.*.
23c0: Y.<.........v.5.T._...J.M...H.F.y.7.[.....k...1...`.'.........-!
2400: .#.$T%p%.&s'.(.)N*.).(`%."~!.!.!~ ..M.#"E..5$9.6Z,............+.
2440: q.......<...*...&.......t...!...................X.....L...`.v.n.
2480: ..6.............k.B...L........ .".#?%.&I(K).+.-.-.,.+.*.'.%S%,%
24c0: :$. F..%.2.8.;N9....f.r.m.r................;.........F..._.....
2500: ....?.I.a.W.................E.=.P......._.#......./.%.l.......W.
2540: =!."4$.'.*.,9/.0./...-.+.*.*.*.)z&.#.*.6!=n?.<G2."..............
2580: W.Z...W.W.....:.......{.......J.......n.....r.................%.
25c0: ..................w.....g.......s"I$.&.).,&/ 0.0.0./..o-b-^-/,.(
2600: .&.-c8.>.A.?'5.%........L.......?.....J.......3...C.k.@.......=.
2640: ..]...............R.f.1.M...:.~.....k.p...S.f...8...F.......{.n.
2680: ..'$C(.+A../B/.-a-.-..R/..[+.(./J:.A.E.B48.*....J.............4.
26c0: ....-...A.<.....s...{...........t...i...........[.d.......&.....
2700: ......e.c.........G.........,....$.'.*.+g,.,.+.,.-.-{-P*,(Y/.:1B
2740: 3EDB}8k*....e.........N.....9.....0.:...f.S.......c.t.$. .......
2780: ..............-...'.......S...........{...i.....5.T..........!.$
27c0: R'1).*`*o*.+.-)-g,"*](..{:.BZE.B.9.+. ....J#$.v...w...........R.
2800: ..........n.....R.....I.....b........./.#...-.~...y.O...'.y.n.6.
2840: ....].........0.X........ ."c$.%[&.'P*.,..k.m+.).1w=mE$G.B.:T.^%
2880: .".%.(."..........E.|...<.a...k.....b.....9.H.....x...<.~.....q.
28c0: L...q.......&.i.....).r.H.....[...}.#.E...K.g.......a....!.".$.'
2900: .*.+[,2+W)X)c1K=.C.C.?i71/=*.).+.,g&/...[...........n.......C...
2940: f.o.4.i.....P...^.......H.q.).<.#.{.b._.C...y.......'.....}.....
2980: e.............".....C p#^&p(9+...0&/./.7.@.FtE.A.<!9.6.6.6.5...#
29c0: ....+.............5.....$.~...`.'.......v.............#...F...a.
2a00: ......~..................J.v...t...........\.."J%.'l).+...0.0.2
2a40: .93A.D.C,Ay>.=.<]<.:`8.2.)y v...A.V.5.!.............1.......s...
2a80: ............*.............!.......G.;...W...L...y.;.............
2ac0: ..&.....4.. ^#.%.(.+..!1U1.1.7.>.A.A#@.>.>@>l=.:C8.4..r&. ..8...
2b00: ......i.............L.......i...V...d...0...>..._.....G.......p.
2b40: ..e.............O...Y.....].Q........".&.(.*.-O0g2.3.4S6c;.@.B.B
2b80: .@.@&A.AfAz>.;.8.3|.S).$] $.....h.........B.U.u.......|.......\.
2bc0: ..\...........j.p.......[...o.3...).C.......;.B.B.f.....'.)...<.
2c00: ..0#.&J*I-v0.3h6.7.:.@.CLE.F.GXHPIOJ|I.F'EXC.?.:.6)2.,.'.!}.9...
2c40: ..p.@...U.J.....>.a.9.................J...E.........L.........".
2c80: }.S...h.%.......P.....{........ $$.'.*.-.1.3.5^8.=.ALC.DeE7F.H.I
2cc0: .H.F/E.D.@.<\9.4./.+.&..L.n.e...u...`.......J.....m. .....w.,...
2d00: ............C.A.....v.C...............2...u.2.....S.J........!.$
2d40: .(.,.0.2X5.7.:.?.B#D.E.G]H.IaJ.I.H.G.F.Dd@~<M8.4./.).#......R...
2d80: k.....C...c.].................$.....].................L...P.....
2dc0: T.........................9..!+%t(.+q..0<3.5":.='?'APB.C.E.G.FpE
2e00: .D.D.Bv?.<.8y4.0.,.%....2.........].............;.Z...Y.......}.
2e40: f.....g.7....Z.&.....D.............-.9...:.........>.:.J...` .#
2e80: .&.).-./.1b4.8.;.=.@oA.B|E.GRG.F.F9FED(B.?G<c8.5.0.*M$........k.
2ec0: p.......'.....u.e...G...E.$.e.3...*.........M...n.....L.........
2f00: ^.........0.)...R...J.o......!.$D(.,./l295V8.<.?fB`E.F.H.K.M0N.M
2f40: .N.N.L.K:IQE.A.>.:?4.-.&..V.....).......n.>...}. ...2.....:.-...
2f80: !.............}.Z...1.7.........K.0...t...E.W.............g.....
2fc0: .$.(K,F0.3.6.9.>>BnD.GPI5K.N.PvQrPXP.P.O.M.K.GbC_@<<.5...'. ..I.
3000: 1...K...a.......Z.|...s..........._.=.........V.<.../...........
3040: l.....s...x.k...!...S..... .c......#7'.*.-)1.3.6.;|>.@.C.E=G.JFL
3080: .L.L*L.LNK.IQGWC.@.=.8f2r+.$u...................!.p...G...?./.).
30c0: ]..... .(.s.S.&.....%.Q.....b.v...1.?.......S.'.`.......2...3.D.
3100: c./.d#.&t*U.s1\4+7.9.=.@2C.E.F.H.K@M{M.L.K.K.J.H@F.A.=.;.6L0P)J"
3140: 6.3...R.P.........z.......;...<...W.-.P...6...A.t.....Z.].......
3180: L...O...p.......P.!.......r............ .#<'.*.-.0.3.5.7,:->.@.A
31c0: .C.D.E.H.J.I.GQGnGjEOC.@*<Z8.5.1W*j#=.`.........0.e.R.2.q.......
3200: ..........r...V.$.....6.\.9.0.M...@.......$.R.|.7...(...).H...f.
3240: u.j.......... .$.'.+...1.3/6%8.9.;c?DA.A.CmDLE.G.H?G:E.DkD3B.?.<
3280: .8.41=-g&V.@.....>...a...^...............R.................*...
32c0: |.>.................m.T.....^...[..........."...q.4..!.%.(.+...1
3300: .3.6.7.8.;!>.?.A.B.B.C.E_F.E.C.B+B:@.=.:`6.2/.*.$..2.........*.
3340: s...........[...z.......y............................M.B.#.....
3380: ............G....... .......g!.$D(.+.-./2N5.6.7.82:=.?H?A@.?.@
33c0: .B.C.AZ?.>.>&<p9J6.1...+M'. ....!.<...u.6...................i...
3400: ..u...L.L...............%...-.........L.....l.1.........p...;...
3440: ....... .#E&.(.+|-./^0B2.3r4.5*9r:a:=;.<.<.=d=.<.:.9>9.5y1..%,.'
3480: b"..............3.........U...*.p...'.o.4.|...3.R............d.
34c0: ..i.......P.......%.~.l...e.......\.Y.'.......v...U.t.. .".#w$.&
3500: "'.'F(.).*.-./&/T/.0U3V2.0././.-.+.'-#.........D.$.....>.......
3540: ....y...........8.,...B.~.K.......p...(.1.'...b.......i.....&...
3580: %.G.....8.......S...o...C"D#."<$.&L(.(.'o&['u).).'.&.&.&.).,.*.(
35c0: 4).*.).'S&.$."....B.................m.s.\.4.....L.......?.......
3600: ....+...m...{.......".......E...........r...k.....O.E...l.}.h.% 
3640: .!-$v%.%.$Q&.(.'?'.'.%.$.$.$g#X!N.......:".$K ..K.q!i!....6.....
3680: ....~.....p.V.*.B.#.....l...4.....H.C.....a.|...x.......*.N...I.
36c0: ..p...J...?...........Y.P.,.'.......... .#.$.#.$.'.(.(9(.)7+.*&)
3700: ;).(.'l'G&.#."!!T.#...9!.$C ..f...5 ..............5.6.+...,.....
3740: ......N...9.........>...C.......O.?.....^.B...8.......!.y.S...,.
3780: M.....J.............Z S!.$}&.&.&.(7*y).(q)l).(.'.'.&.$u". n...~.
37c0: ,.n.~.g...=.q.y...;...`.3.k.q.c...'.}.b.4...[.........F.].j.....
3800: 7.........A./......."...................m.............g.;.......
3840: ).....O ."."B#.$.&.%w%m%.%m&a&.$|#.#V",!. ..H...............Y.{.
3880: ....[.........,...w...b.......<.....P...7.....%.%.y.H........._.
38c0: 4.n.:...C.............P.....T...s.o.#.......a.....i...$.. ."c#.#
3900: .$.$.&-'.%l$.$.%.%.#. 3 ..........]...Q.y.......}.....8.......$.
3940: '.............i.............}...K...5.-.q...........n.6.........
3980: ....r...@.........$.u.@.-...................~.... .!. .!y!....8.
39c0: ..l.......:.......W...W.~...> y...x!. {...J.....................
3a00: ..|.....6...h.=.j.......Q.e.q.m.p...Q.:.?.....Q.9...(....-.y.!.
3a40: @.......b.g...~.../...M...X.N.....d."...g.J.).A......._...W.....
3a80: ....$.>.%...8...}.e.... ..p...u.....................|...".......
3ac0: .... ...|...A...X.A.s.&.5.0.#.^...N...S.....4.~.9.4...!.i...z...
3b00: ..}.....C.\.............A.......................Y...........!.. 
3b40: . t#.%.#F ..........7.G...r.1.j.......!...&.|."...'.3.........v.
3b80: ..........M...N...[...........~.....h.........!.^.....$.%.......
3bc0: {...~...l...e.............p.x...........7......"."G#7%.#....k...
3c00: ........l.........p...W...e.)...a.....%.....{...N...3.v.x.y...h.
3c40: S.#.X.f.....".........}.(.&.............].U.#.].p...a...\.......
3c80: >...}.3.U.i........!.7......!.".%.&%#..;.j...........B.H.o.!...
3cc0: ..Z.b...w...@._.....M...r.<.L...k...........R.z...*............
3d01: ...K.....w.7.r.l.V.................T.....p.).................K..
3d41: .\.p...`'&(.-L0.). 7.....5.......S...........O.I...j.>.y.....?.U
3d81: ...w...I...N.B.....c.J..........\.................2.7...../.t..
3dc1: .F.l.4.........[.......o.......u.H.".5.....}.......%(.(i,.-.).!.
3e01: .F.|.....O...9.l.....9.........U.9.0...v.4.q.........y.&.L.....0
3e41: .u...J...}...O......'.U.....#...Q.A...'.....I.~...:.....g...,..
3e81: .@...>...a.g...........,...Z,.-../1^,."5...........H...m........
3ec1: .....8.....................`.............@.z...I..._...D...;...e
3f01: .z.[...M.H.....;.../.%...#.......a.....L.....2.3.............h.H
3f41: .{.e-.-..@0~)o.........?...}.........~.J.@.......(...........;.Z
3f81: .p.;.C.0.......K.........b...].........@...........#.....-...[..
3fc1: .p.........a.......h...^.........B.......1&.(9+'..)....B...<.v.
=> Send SSL data, 5 bytes (0x5)
0000: ...@.
=> Send data, 16384 bytes (0x4000)
0000: ..F...............(. .-...B.9.h...........y.e.c.q...k.F.........
0040: ..[.|...n...^.1...r.....w......a.......X.J.J...&.............l.
0080: ^...[..........'7(.*d1.,t!..................................#...
00c0: g...k.i./.......).y.f.o...-.V...9...........W.d.........E.......
0100: ..N.......8.V.........V.S...........N............%.%}*..f*.!..P.
0140: ..`.(...........Z.....O.i.....................:...A.-.y.......T.
0180: A.g.i.1.......+...e...}.u.........K.......?...p...........<.....
01c0: L.^...R.........O..&.&.(.-.+.!................o...e...o...N.....
0200: ......`.........Z...,...G.......c...............@.........2.....
0240: ..y.Z...d.P.m...@.....k...................S.4......#N,.+R,.-.)..
0280: .........._.q......b...o...)..... .t..O.......H.....|.........
02c0: ..a.......m.V...E.....l.........f...h.....T.........+.........{.
0300: ..).6...........4...='.&.+...*."..'.........C.Z.......^.......m.
0340: ..z.6.............y...v.\.....(.........|...............h..._.s.
0380: ..H.,.D.H...s.Y.O.L.....8.....(...............T...a..&k(S.^2D/.'
03c0: ......[. .....e...A...R...=.X.........=...-...d.....2.... ...v.
0400: ....0.........).6...K.........X.......[.y...~.H.....k..._...|.s.
0440: |.....D.d.2...6.A....#.&./.7.57.......X.....M.F.)....^.....2.T.
0480: &.O.d.....B.1.........../.....7.....Z.......&.a.......\.5.......
04c0: X.......? Y!o!. q!o!....\...f.../.S...y................'.(.+)-.,
0500: .$......^...m.............E.......................=.J.?.........
0540: `.a.h.....4...>.f.D...............U.r...3..#Z&.$.$.$.".!........
0580: ............z.........{!.(.(.,^..*.!\.........w.......s.......F.
05c0: ........c.7.....+..._.....M.............#.........0.U...........
0600:  .........t!.%p).*.*.*.).).'.#;$.$|#.#.".$v$.".!B .........".(.(
0640: .*M*.(h...w.................B.....}.[.D.v.....<.......<.........
0680: ........5.w.....>.;.............\.....H........ F%.'G).+!-.,.,7*
06c0: .(B(.%f$q$.$.$.$.$.$.$k#'!..I..%.+.).+9-x,."....................
0700: Z...f.....r.......I.......W.n.....z...........+.#.@.....j.?.'.6.
0740: ..i.2.4.k.6.....f..%5)>,./.1i1#1./...,.*.(.(.).).*.+},.+s).'.%.!
0780: M.....\".%j%1).)<&........................!.......@.E...........
07c0: ..p.........E.@...r.....f.".....d...A.;.............L......".&.)
0800: C-./J1'2.1.1u1z/:..+.*E+.*X).*.).).'.%.#X!2.....n .'K(5*.*.(1...
0840: ...N.........s.-...0.....".............I.F.....n.......z..... .
0880: ........@.@.....`...<...T...........7.-#.&8*...1D3.5.6.4.524.2.1
08c0: %0./.0..\,h+.).'*'.$.!. .!.%X*.*.+.+.'. `.......T...5...}.......
0900: 0.".$.....}.............../...z.5.*.....g.1. ...>.s.......g.....
0940: .._.X.....P. .....?!g&.).-.1.3.5.7.8.8Y8.7Y7.5.4O4.2.1Z0!..+.)"(
0980: .&.#. ...$.'.&+'.%d#R.....=.....X.........I.....A.....=.......<.
09c0: v.0.4.g.|...g.............a.....m...........o.........e.C.[.y...
0a00: #.[.o .#L'9*.,T.~0.1.2.2P2.2s1"0+/...-.,.+.)B(Q&.$.". ..... .!S!
0a40: ."f ".....Y.......n...N...............l.....2.....D...8.V.......
0a80: S.:...p.........-...#.......,.|.......C...J.W.....f.......{..".%
0ac0: /(.*.,..C0B1G2O3.3H4.4:4n3.2.1.0^/F..,.*.(.'2)`).(.(.&.%q$."....
0b00: ..........~.............A.,.=.................o.....s.....-.....
0b40: y.-.........f...8...R.......t.............*.........$ ."}%.(.+\-
0b80: ^/.1T2b3.4r5.5.5.5.54.3.2P1./..././;.d-q+.).(.&.%*"............
0bc0: K.....3...t.b...y...N.p.......?...........7.{.n.n.q.....9.z.d.7.
0c00: ......`.....?.........0.J...=.=...V.%.f..!.%.(N*.,s/[1.2.4.5.6.7
0c40: +8j8+8.7w7.6.5b4.2.0././J/.-l,h*.(d'.%.#.!......0.....l.N...N.5.
0c80: ....z.L.j.'.......f.^.........,...^...3.`.R.....@.'.N...5./.P._.
0cc0: ..2...H...Z...?...K.v.~.z.A...a....".%](.*)-&/.1.2-4m5d6.6N7]7+7
0d00: .6.5I5P4.2.0././..F-.,.)['.&p%_#v <.....U...q...b.e.....N.......
0d40: >.....i.z.C.4...>.....1...F...4.....b.@.......P...z.............
0d80: '.g.P.:.A.".................g..!.#.%.'F).*.+>--...#/./I/!/./...-
0dc0: .,.+|*1+A+a*.).(.'E&.%.$2"A E...1...L...$.:.3...).......&.....<.
0e00: ..b.'.....6.....,.......N.....d...C.;.z.......j.......h....._...
0e40: ....d........[.......R.. z"k$K&.(.).+.,.-.-<..........-.-.,.-.-
0e80: .-.-.+.*;*.).(.&7%.#.!T...........].$...r.........'.M.*.....^.V.
0ec0: ......_.h....`.H.....4...X.w.......=...[.*.......H.y...Y.......
0f00: ....f.h........ '".#.%.'6)s*.+.,0-.-%..-.-^-.,.+.*\,.,.,.+.*.).(
0f40: 9(.'e%Y#."z.....a.p...n.'...*.........1...a...A.....w...3.3...z.
0f80: 0.$.D.I...!.............c...).u...H...%.....).....!.x.i...4...y.
0fc0: ....k".#.%.'.(.*.*.+.,.,.,.,,,z+#+-*|).*++.*.*.(.(.'.&s&{$w".!g.
1000: ..B.H.....O.*...........:.a...............Q.>.....E...D.........
1040: ....7.......O...].........!.x...T.6.....b...s...l.Y...."Z#.%.&.'
1080: q).*.*.+0+.+]+.*E*.).,.-.-.-},i,r,,+.+.).&.%6"u.B.....N.8.....u.
10c0: ..S...0.q........._...{.F.i.......P.......1.l.u...Y.......y.....
1100: P.......D.....,.............2........".$f%e'.(P).*.+.,E,.,',4-,0
1140: l1s0.0./.0.0.0./.-?+{)2& !R...%...........7...0.~.a...O.....3...
1180: ..(.......9.......|.........c.+.....n...$.....[.........s.D.?.w.
11c0: ....N...).T.. .".$.&5'.(.*.*.+.+y+.+.,.0>2.0J1.1;1.1&1.0...+.).&
1200: C ..+.f...n.............9.R.....................s.K.K.&...a.....
1240: ..}.....j...1...l.y.J.........................W.....b..!.#6%.'k(
1280: .).*.+1-N1.2z1.1.1.34.3.1.0p/.,b).%. t.t.).......9...A.8.....s.
12c0: ....M.....r.....C.Y.w.....b.C.U.d.h.*.!.v.e.........H.0...P.|.w.
1300: ..c.v.1.....+.........-.a .".#G%.%.%.&g(.+.-n*.*.+.-k/.-O*.*S*K)
1340: .'.">.....................6./.G...>.}...=...6.w.d.....E.......t.
1380: U.8.......G......./...........".......N.....>...'.<.... <!.!.".#
13c0: .#<$v(.).&.%;(=,L-H+.(.&G(?*.(.#......a.P.........0...!.B.......
1400: ........%.J.a.y... .....?.....0.....!.........G.............0.:.
1440: .. .................o.... J!.!.#.#.!x#K&.'W(:&.%.&.&.%.$. ..z.[.
1480: ............{...8.....?.......l...i...5...0...j......u....... .
14c0: ..........#..... ...V...T...k..._...U...+.)...I...2.A.=.i"h"..a.
1500: .".&A$B....!."."3 }.k.x.d...U.H.....(...X...#.[.........n.......
1540: 6...~.F.......,...c........._...............J.]...{.............
1580: J.2.....L.9.6......".$..q.."6).'."K ."&%H&.$....`...q.%.w.......
15c0: ......L.7...l.1...............S.........`...........2...X.......
1600: y......... .Z...5.. . b.....i.k.......7.4.../..$$& ...y$7-.+.$..
1640: .!.'.+.(N.O.9.....k.....n.^.t.v........./.E.+...Z...............
1680: ..{.........b...d...n.'.Z.z.....................w.d...z.t...Q.V.
16c0: ....P.t.".R.D&.$.....'...,.%.! %.*.+.&..B.a.V.V...z.......>.....
1700: ..b...0.....A...V.....Y...*.G.......L.+...........[.U.r.........
1740: ......P...$.........x...}.....0.p...6.Q......'.(.....&X1..A%. V$
1780: .).+X'q.r.......M.~.&.....Y...-.~.y.9.*.......l.>...G.....R...|.
17c0: s.y.O.3...............G.....;.I...C.....l...........".........8.
1800: O.............y..&Y&;.;..&.,.+.$. ,".$s&."......j.....U.S.\.....
1840: ....^.@.r.M.x.....#.,.M...............$.......3.............I.E.
1880: ..r.............#.......U.....k......... ...B.....Q.{.X..&k&...
18c0: <".).(x ..... .!2.0.....]...`.1.....`...r.&.T...:.........h.H...
1900: ................t.................x.2...........w.....5.....,.,.
1940: ..6.N.(.......;.......X.k.b.........a.5././...G.D.....[._...K.+.
1980: ..k.1...3.B...f...].......#.n...........u.%.........`...4...'...
19c0: ......T.2.............e.......C.2...-.T...".:.J.v..............
1a00: ....~...p.|.[.f.........I.....*.....X.W.........L.>.4.....A.....
1a40: ....s.e.........<.........|.....~.../.H...3.......(.......4.....
1a80: ..........x...)...b...I.6.......}.Y.C...U.K...(...;...p.8.1.....
1ac0: ..[.`...o...m.....@.-.i.j...^...j.9..... .....Y...q.d.@.N...?...
1b00: u.j.>.....d...R.Q...:.D.&.....o.-...........~.T.C.9.....5...*...
1b40: j...d...D...p.%.p...........R.....h...A 3 ........}.........X.E.
1b80: ..Q.................T.....l.......b.(.~.[....."...-.Y.....u.....
1bc0: ....s...........;...!.....m...........h.......".......2.j...~...
1c00: 3............._.O...x.>.w. ........./...d ......>.].............
1c40: U.........0...M.....:.......Q.....?.7.................N.+.i.....
1c80: p.T...0...O.t.h.f.........p.......#.....4...b...V...W.f.........
1cc0: ....o.j.....(...6...Z.........L...E .!. . H ..m._.q...v.....i...
1d00: ..>.......@.....*.......a.....|.....*._.T.....-...0....h...e...
1d40: ../...............b...}.....9...m.,.......\.....,.............<.
1d80: M...........y...v.l.]...K.p.....m.. .".#.!..G.............Y...Q.
1dc0: ..S.Z...........H......./...A.........H.p...........P.........x.
1e00: %.G.......^.#.......Q......._...............P.M.....~...........
1e40: ....C...?...k...>.....*.....s.........{.G.......!.M...".:.....q.
1e80: ..D.........E........A.}.........8.................V...Q.8.^.$.
1ec0: ......>.....).%.&...?.1.....:..................n.K.V.........].
1f00: ..O.....M.G...=.........d...@......!.#6%.'w(.'").)5(.'.&.$."....
1f40: ....k.....".........#.(.....h.....F.w.......B...V.....E.....>...
1f80: ....].-...u...W.D.E.H.....o.S...p.................z.z...h.....g.
1fc0: ..t.......p...............1.....Q...r.0!. .!.#.&p&.$.%.%~$)#+!0.
2000: 3.m...W.p.<.$.....r.$...$...a.z.....o.L.....#.....X...P.....Y. .
2040: T.....a...........L...J.....|.......R.....Y...j...y.a...8...4...
2080: n.../...d...X.....y... ...........G.j.~!.".$.&.)k+K,>../>0h1.1.0
20c0: C0./.-F+.'.$I"Y.......K.....c.z.@...C.).&.D.f.b................
2100: ......Z...............M...Y.$...c.....&.....u...........[.S.B...
2140: ......=.....@.....{.W.{.......{.<...c.....p.u...].. ?!."E#.$.%.%
2180: B&q&.%.&.%.#."*!......J.......L.).V.........*...X...?.R.........
21c0: ..t...c...n...........j...6....."..............._.e.z.X...s.T.F.
2200: $.Y...y.....M.....%.\.Y.........V.....\...x...................M.
2240: ....%...F.....(.c...}.).G.W.........$.....k.......N.....H.....Y.
2280: ..3.........|.........T.......+.|......._.f.%...............`.s.
22c0: N.;.............k.%...D.=.S...........J.../...q.&.}.......6.C...
2300: A.............P...!.q...s...........A.....<.Z.&.x...l.......;.V.
2340: ..3.......#.....L.............3.f.....1.!...F...j.....n.S.,.O...
2380: y.X...+...B... .[...;.W.......{.....9.........D...t./.......s.-.
23c0: ....8...w...B...k.f.......I...z.....v...........!...k.g.........
2400: ....].~.V.....j.H...r.......M.b.......b.%.......0.....i.......S.
2440: Y.....y.....M.......v.S.A...j...~...........J.J...N.....-...G...
2480: ......q...*.1.............'.......[.].4.......V...^.q.......!...
24c0: O.......\.J...^...`.#.3...I.......d...C.M.}.!.C.-....S.8.......
2500: ......<...T.....f...$.,.>.~.....S...k.........y.........$.....V.
2540: ..q...C.{...........8.n...T.@.R...V.v......./...q.....s.4.......
2580: v.~.......E...=.....t.d...-............._.#.........a...w...N...
25c0: ..i.4.....\.O.#...G.........y.>.......m./...*.h.W.i.P...........
2600: T...........7.F.#.P.......{...z.....O.l.....i.?...........V.....
2640: ....N...........!.A...g...............M..!.$R!s...!.....w.{.....
2680: o.1...k...........N.......2...*.........s.......P.D.g.G.L.w.W.9.
26c0: {.!.....G.M.I...H.........i.,.......W.............Z...\.H...4.g.
2700: ..>.......].....[.....f...M...).............]...;*.)p$.......Z.
2740: ..G.....?.O.=...~.p...............k.........Q...k.8.0.........*.
2780: .......@.8...............".........9.<...f.Q...w...#.!.........
27c0: '...t.............V.....$.h.../.....C.....<....."......&.1.,.#..
2800: ......[.b...|.........B.......d...".......k.w.2.....;.....v...s.
2840: X.............?.p.*...'.........)...N.....m.a...........H.......
2880: ....5.S.E...-.......|.<...X.....J.....a.'...a...............Y..!
28c0: ..a-......p.'.-.E.T.....m...U...(...<.W.h...2.....S.5.s.9.......
2900: l...Q.......4.....:.......m.q.....;...&.3.........B.1.......W...
2940: ........0.....G.......b.~.z....._.......Z.%.S.........F.#.@.....
2980: .....$A3.,}.b...v.x.......J...~.........~...Z...y...L...E.......
29c0: '.....u...J.p...j...h.\...........7.j...7.....@.e...w.#.i...%.. 
2a00: .!L#.!......*...>.p.T.....|.......2...............[...<.D.'.)...
2a40: 5........"...!.1.-b.0...&.*.G.y.8...q.J...d...................2.
2a80: ..v.........4.../...".3...........H.......'.h.......l.6.......t.
2ac0: ..c...P".#."!#..h.....:...>...Y.......o.............c.....D.9.B.
2b00: ..F.U.....-......%..I"81.+"...;...<.....q...............$.....E.
2b40: V...(.p...........u.J...........K.:...R.....h.p.:.f.....&.!...s.
2b80: ........ ...v ."r#y"R T.k...........]...o.......N.....B.....Q...
2bc0: ..............G.C...n..'.!.".+.(H...s.9.......B...........r.....
2c00: f.......:.....I.`.M.....'.......~.4...-...>...X...r.b...#.W.....
2c40: .............."..".#.#/$."< ..?...m...............P.'...........
2c80: Z.....X.C.].;.k...E.\...k......+.'.".&.$/.3.p...D.G.z.}.G...%.s.
2cc0: ..4.....d.....O.....-.K...q.{...e.....q.e.......S.....N...i.O.n.
2d00: s.'...+...q...T.......B.h.*!.#-#" i.o.4.....p.......5.L.....F.t.
2d40: ..a...[.l.S.......&.e...}.....].<....*.(q".!..r.`.....+...F.e.}.
2d80: ............x.I.G.*...........C...O.......'.....,.,.<.s...5.....
2dc0: ..........e........."...c. .f.X..#.$.#.!......r.Q.............'.
2e00: Q.....S..."...d.....m.....d...^.....Q...^..,.+;%1"..l.k.....}.4.
2e40: ........g.........%...Q.....~...........i...I.9..........,...].
2e80: ......0.1.&.......>.?...e.........p.S.. . C#.$."......<.......[.
2ec0: ..;.3.....O...Q...;.u.3...8.$...8.....(.....*....,.*."F ......G.
2f00: ..6...Z.......J.....N.3....._.'.U...6...7...../.........6.....:.
2f40: t.d...!...{.D.F.N.g...r.]...v.................. .$e!D.i.`.<.....
2f80: [.......I...=.c.F.n...P.\.B.n...{...F...P.........=.o.h.O/e,7$D 
2fc0: ......X.L.#...Z...........8.^.k.H.L.......i...o."...............
3000: ....Z.....@.y.......d...M.-...a.........h...U.l.....=.)..!x$.$V"
3040: ....r.........'.S.m.....*.........X...........P.....&.I.....w..)
3080: .'h...o...................7...k.g...>...(.B...............j.....
30c0: ..d...2.!...../...5.....|.......9.;...(.T.../.............E..".#
3100: .$.%0##$.&.!..../.....]...c.........B.E.|.=...X.......&.........
3140: .....(/"Z.....N.^...;.....<.......Z.....".F.....g.....Q.M...Z...
3180: ..........H.....<.?.........{.......3.........../.............`.
31c0: ..D.Z .%.(Z)$(q&.&.#b ......A.......t..._.9.........S.#...h...M.
3200: T..._...{"..........!.*.\.....V.....1.....^.S.................%.
3240: ....1.......:.1.........|.;.......l.S.....Q.K...3.G.........^.].
3280: ....&...z..!,%1*.+.*e'Q%.%.$> {...'.......z...*...........%....
32c0: ......V.s.q.g.....e.M.................'.O.e.8.......e.......}...
3300: ........v...F.....0...................V.G.0.^.%...............6.
3340: ..j.N.9.^........ .%.).'.'.'.(.*B(.#.!j! K...s.....).S.}...~...
3380: ......B.?...f.q.X.......U...T...P.......j...F.....d.....Y.-.....
33c0: -.>.......b.f..._.......k.............d.......@.....z.^.w...&...
3400: ....(.....D.... .!.#a%>$+#.%.(.*.(U%.$:%.%.$.!j...8...x.....m...
3440: d.O.....U.......c.:.....[...P.A.W.W.......A...,.f.|.-...".}.....
3480: s.....4.z...=.M.`...).d.&...c.....+.C...f.......0.>.....g.v.U.v.
34c0: f.....&...........h!I$7%`'.(.'.(Q,.-;*A)]*.*@)Q'n&.#. < ........
3500: v...Z...b...f.p.....].J...4...].............S...5...B...>.......
3540: ..@.....}.........i.......a...c.......H.....@...M.q.....J...).7.
3580: O.....=...>.-...@.......`...7#.'.*#+.).)i,.-...+.).(.(.'.$.!h...
35c0: E.>...@. .......[.j...........>...+.......~.....N...S...........
3600: w...?...e.]...S...O.........(.......k...B.....C.....Y.5.........
3640: z...E.......l.......S...k...%.....R ."|%i(.*.*1,.,.,..^-.,k+.).&
3680: g$"". ......d.....|.......^...r.......3.5.p...h.....v. .o.R.....
36c0: (...$.k.............e.".Q.....G.......g...6.;.(.k.'.N.....;.<...
3700: %.....K.............T.....s.........O.L.{.V......!. .!P#.$+'.)s(
3740: 7&.$.%.%.$j"e...............`.|.....M.............F.e.p.......w.
3780: ......n.V...'.....p...:...%.W.......X.j...8.J...?.h.....f.....q.
37c0: 2.....|.....7.....Z...........-...>...^...^.\.......Q...........
3800: ..v...........G...d.j.......d.....u.............E.*.Q.........!.
3840: ..1.....u.V...........s....._.G...*.=.......S.....`.k.y...G.=...
3880: ..{...l...s.c...............&.........................F.#.......
38c0: ..c...S.A...m.../.9.x...........I./.......5...^.'...t.......m...
3900: 7.............I./...[.g._.........V...S.:.........u.........v...
3940: ..`...1.......]...........".X...w.....0...+.y.............*.Y.z.
3980: ....,.".X...0.3.'.<.......X...............~.<.U.....b...B.......
39c0: G.0...=.|.......-......./.>...............$...................E.
3a00: ;.....*.|...........O.(.....*.u...../.z.....-...K.......\.a.F.@.
3a40: 1...$...;.....M.....$.........T.'...q.......Z.....0.f.h.w.z...V.
3a80: #./.....T.....1...........................Y.............l...W...
3ac0: c...k....."...T.....^.!.....b.M.=.............&.N.v.......\.....
3b00: K.....o...Z...K... .........u...E.....d.....^.......4.Y.........
3b40: ..........o.Y.'.......v.*.......O.......^.......g.6.......k.M.(.
3b80: ..........{.y.b.Y.E.V.>.H.^.N.Z.e.n..................(.>.d.w...
3bc0: ............+.E.X.p.~...........................................
3c00: ......}.`.`.N.E.1.%.............................................
3c40: ................................................................
3c80: ................................................................
3cc0: ...... .........................................................
3d00: ........................................%.....0.".....%.3.%.....
3d40: #.,.%.....*......... .............$........."...................
3d80: ................................................................
3dc0: ............#.......$.....(...G...'.#...F...!...6...A.)...4...9.
3e00: ..A...(.,...[...A.....L...F...(.....1...H...<.....&...*.........
3e40: ............................................................5...
3e80: ..............:..."....._.................$.....................
3ec0: ......#.....#...D.........2...6...G.........W.C...]...'.6.(...8.
3f00: ..Q.&...Z...\.,.......U...k.........?.....T.....t.../.e.........
3f40: !.....q.>.....D.%.b.............}.y.......6.._...@.....]...Z...
3f80: ".&.................Z.....k.W.....<.........F...y.=.;.%.....k.V.
3fc0: .. .A...........G.u........./...$.....z.....M.Q...a.V.......@...
=> Send SSL data, 5 bytes (0x5)
0000: ....$
=> Send data, 6156 bytes (0x180c)
0000: ..^./.q...s.>.............i.o.......".j. ...L...........}...J...
0040: ..........M.|......._.s...p.........)...I.....R.V./...Q.8...(.z.
0080: ......................F.2.\.....@.1.i.....E.....I.............g.
00c0: ......Q.i...?.h.........j.Y.............2.K.......U.5.f.........
0100: ....Q.S.....A...A...............;.....1.........R.......q.......
0140: ..k...........D.....K.#...\...I...........?.....N.........f.....
0180: ..;.....1.....M...x...r.v.........(.4...t.......................
01c0: ......[...............z.............W.h...........m.......q.....
0200: ..q...........h.2...{.R.8.....A.{.....r...A.......'...\.-.....W.
0240: ..........Q.'.b......./.......).....B.;...{.......).........F...
0280: ..........;.4.........I.......Q.................,...j.a.....^...
02c0: [.6.....J...,...e.B.5...........W...h...F...........k...c.......
0300: ......#.L.........7._.B.n.".........c.......^...:.......9.......
0340: r.....0.?...........@...h...R.......>...........Z.?...'...).~.8.
0380: ......!.K.....#...d.Y.....i.`...........U.3.v.......@.....x.....
03c0: ....A.T...8.........;.?.2...........I...`.......................
0400: ..`.M.W.......A...Z.....0.}...4.m.....p.....l.&.i.......0.......
0440: 3.......t...(...|.5.......e.....".[.....2...b.U...3.~.....u.A...
0480: ....S.......#.....~...V.....O.............C.z.?.d.........P.....
04c0: ......1...............2.....>.?.....n.........k.......d.>.>.....
0500: ......y.....~.......D...............I.........;.J.............e.
0540: ......U...a...W.&.....h.".......O.E...U.....q.........P.........
0580: )....... .......v.`.H...].............'.e.....^.S.+.].I.,...i.U.
05c0: ......^.....T...z.....n...-.).......5.,.^.....7.....f.........!.
0600: ..$...........1.......<.......z...~.....L...*...c.....8.........
0640: ..h...m.....~.p...O. .M...H......."...v.7.....7.7.(.'.m.....A.j.
0680: ....\.Z.....j.1.&.-...;.....).9.U...x.......}.4.......^.....7.m.
06c0: ........T...n.".........5. .F.b...........0...V...=.....e...T..
0700: ..E.J.'.......x.........~.=..._...c.".P.0...8.........{...*.]...
0740: ......C...f.s.L...a. ...8.......).............v.3.`.g.H.P.#.....
0780: ..................M.P...........g.....~.......X.....%.u.f.H.f...
07c0: ....(...'.........}.<.......4.].....E...@.I...-...G.....>.......
0800: ......x.Q._.....(...%.D.2.....0...y.5.......`...Z...B.J.......d.
0840: X.~.X.H.e.....3...................v.u...................F...)...
0880: ....5...........0.+..................|...;.R...&...............
08c0: ....w...%.h.N.7.......?.....g.....T._.C.g.........F.............
0900: ..................w.|.M.H.M.N.....q.........c._.u.\.......q.....
0940: ..>.~...1.#.r.|...S.........K...A.....w.......~...............b.
0980: T.P.R.m.....}.........!...m.........N.......u.`...u.......c.....
09c0: ........k./...'.).y.x...5.....O.........G.f...Z.......d.....b...
0a00: ......................].............~.=.................9.......
0a40: R.....:.........S.*...............g.................?. .:.F.....
0a80: ................).......S.................%...=.....3.E.p.......
0ac0: C...........!.......M.....k.!...k.B...c.7.s...I.......2.........
0b00: ..3.n.....+.....[.............K...5.A.....Y.....................
0b40: ....~.....f..... ...s.......s.....s...........#.].....s.........
0b80: ^.w...5...........!.6...N.......x._..._...............p.].......
0bc0: ........'...n...u.......e.................u.......S...E...3.....
0c00: ....T.K.P...X...z...........\./...........-.....Z.z...........,.
0c40: ..V.......]...e.....B.E.'.W.H.W...N.C.............<.t.%.......&.
0c80: ..4.....l.%.c...x...../.....i.....S...8.....^.............:.....
0cc0: ^.........\.......%.G.i.........../.l...x.......B...1...7.....d.
0d00: S........N...h.......+.6.....~.............[.}...........Q.C.\.
0d40: G........O...v...Z.;..._.....].........u.^.I.....Y.J...*.....D.
0d80: k...d.......U._.....A.#.m.....:...d...~...5...U..."...q.....U.R.
0dc0: v.g.A.}.B.c.x.F.F.M.$.../.O.........L.......'.....Z.............
0e00: ..........x.#.&.........L.M.E.B.........w...2...................
0e40: ....#.^.........q...............,.............<.........J...-.>.
0e80: ......1...2.....=.....'.........(.".$.....C.#.........:.....5...
0ec0: ......%...&.....$...7.....C.....2.....<...>."...F...,."...9...0.
0f00: 8...............................................................
0f40: ..........................2...<.........?./.8.Y.2.3.E.....<...A.
0f80: 1...B................. .........................................
0fc0: ................................................................
1000: ................................................................
1040: ......................".".&.$.7.?.8.2.:.J.A.7.6.2.D.B...0.,.@.B.
1080: =.8./.@.;...!.#...!..... .......................................
10c0: ................................................................
1100: ....%.$.0.4.6.7.=.9.+.=.6.-.9.+.B.A.-.B.C.D.K.G.9.0.*.1.3.....(.
1140: ................................................................
1180: ......................................%.%...'.../.2.7.8.4.>.9.-.
11c0: /.9.6.0.4...;.6.#.(.0./.'.1.). .'.!.#.#.........................
1200: ................................................................
1240: ................................................................
1280: ................................................................
12c0: ................................................................
1300: ................................................................
1340: ................................................................
1380: ........................#.'.#... .$...'."....... ...............
13c0: ................................................................
1400: ................................................................
1440: ............................#.".....$.&.".&.".(.*.$.#.'.).(.(...
1480: %.&........... .................................................
14c0: ................................................................
1500: ................................................................
1540: ................................................................
1580: ............#. . .$.!.&.".'.!. . ...%...........................
15c0: ................................................................
1600: ................................................................
1640: ................................................................
1680: ................................................................
16c0: ................................................................
1700: ................................................................
1740: ................................................................
1780: ................................................................
17c0: ................................................................
1800: ............
=> Send SSL data, 5 bytes (0x5)
0000: ....H
=> Send data, 48 bytes (0x30)
0000: 
0002: --------------------------f4ee91cbadc37861--
<= Recv SSL data, 5 bytes (0x5)
0000: ....B
<= Recv header, 17 bytes (0x11)
0000: HTTP/1.1 200 OK
<= Recv header, 16 bytes (0x10)
0000: Server: Server
<= Recv header, 37 bytes (0x25)
0000: Date: Sat, 17 Mar 2018 03:29:50 GMT
<= Recv header, 135 bytes (0x87)
0000: Content-Type: multipart/related; boundary=c605d80d-0d2b-4038-ac8
0040: 3-84893af96307; start=metadata.1521257390025; type="application/
0080: json"
<= Recv header, 28 bytes (0x1c)
0000: Transfer-Encoding: chunked
<= Recv header, 24 bytes (0x18)
0000: Connection: keep-alive
<= Recv header, 56 bytes (0x38)
0000: x-amzn-RequestId: 71b24593-2993-11e8-8572-9559a59ec357
<= Recv header, 34 bytes (0x22)
0000: Vary: Accept-Encoding,User-Agent
<= Recv header, 2 bytes (0x2)
0000: 
<= Recv data, 461 bytes (0x1cd)
0000: 1c6
0005: --c605d80d-0d2b-4038-ac83-84893af96307
002d: Content-Type: application/json
004d: 
004f: {"messageHeader":{},"messageBody":{"directives":[{"namespace":"S
008f: peaker","name":"SetMute","payload":{"mute":false}},{"namespace":
00cf: "SpeechSynthesizer","name":"speak","payload":{"contentIdentifier
010f: ":"amzn1.as-ct.v1.HomeAutomation#ACRI#DeviceTTSRendererV4_2b0089
014f: d3-802b-4f00-abb1-682fe98945fe","audioContent":"cid:DeviceTTSRen
018f: dererV4_2b0089d3-802b-4f00-abb1-682fe98945fe_687821465"}}]}}
<= Recv SSL data, 5 bytes (0x5)
0000: .....
<= Recv data, 158 bytes (0x9e)
0000: 98
0004: 
0006: --c605d80d-0d2b-4038-ac83-84893af96307
002e: Content-ID: <DeviceTTSRendererV4_2b0089d3-802b-4f00-abb1-682fe98
006e: 945fe_687821465>
0080: Content-Type: audio/mpeg
009a: 
009c: 
<= Recv SSL data, 5 bytes (0x5)
0000: .....
<= Recv data, 2976 bytes (0xba0)
0000: b99
0005: ID3......#TSSE.......Lavf57.71.100.............d.......F......d.
0045: . @.....www`...B1..-....B..!...?..y.s.......s...;.s....B.S..!.B5
0085: HB..HB~w..B....w.~.!.F!....,............-..E.P)...".6...._....d
00c5: .."..._....vS.mp.)..v.........`c...........(3.i........V!.&P*.&.
0105: .B.p../Z.....3r...[....W...N."n.............."d..p...OP.....|.*
0145: ...].).ve..P...d.. c.........g...BT...UQ.....J..Hn.7... C.A.....
0185: :U ....]A...Fh2(./.......-....^.&..M.+..f=E...RN.R.M...Uw...]_.o
01c5: ....Vd..8Md@.Z..@/.m.....T.....d.. #............uEB!bg....7.z.P.
0205: B..rY`...@..(.{*.....T...x.hq.{.....Ap.}V....Ph.........O..a...
0245: .....b..D_........Pj1.0..'"#......31..x...h.u..d...;..t...hE....
0285: ..24d..@k$Sj~]q..h*e........H..(..-......_..G.... ....R....o.8..
02c5: .....|.......G+.2........_R.(".@...<..%.......$.....c.h.?......d
0305: .. !..UZ.....]Y.2..s.OEY..../...e........../2...W....KE......U..
0345: .RK...UK15jI..Q..1._......#n.....{l..[.F.........DG......B. ....
0385: ..)R..c..Y.....d..#,......s....H.......|Q..d......qT.>....a.=L,
03c5: .. ..8..}..&..,....o....f3"..?....T..[4.p.s.......3.a.Y.Z.......
0405: ..I.T. ..%u...".7d..[..~D4 ....d...;.......K....1Ww.u....W.L.UR.
0445: mU...........i..W6f.....fo?.*O..v33OM....I.h.g.O.........&..W.
0485: ../....uW/*k.3r.....QPM{...d..M'-B..!.f..@iky..d......VH..X.#..F
04c5: >1.A!.'1U.CW.......XB....1.,.3_f....wz..s+y.r..;.:......[.{l.S..
0505: T::tw2........L..(.)....*.D.&i.$..6.........,.l1...).A....b_..d
0545: .#..........^J..oU.....bNe............G.....5GH...o...D.a..|....
0585: V....z............d.!.8....U....4...[s.U.~.N....Zx.If.X...c...R.
05c5: .....<77+......d.1....^...!A.Rv..a&.b........!...u_..j....Z.....
0605: .t.'.....(...........m"...P.}.9.B6k..U.3+..f.\.!.u.F...c ..-...
0645: .p1.Vw)....q.k.....1.)....."N..d.E.z..6....guM....;*&.........*.
0685: ....r.....IQ.....!Qu..........%..?."...8. ..P...|.k.+...~I2-..
06c5: ....U...YB..5fpD,.T/...tT..V+..V.H.g..ito......d.V....Vy..U.....
0705: .,}.A.K.H..wL..t8=..T......D..1.....;O....@Gv.m:c....W.U\WG..7
0745: D.YS)..r0....~.kh<L..)#.b.3u8...i.e#.jg....W............S.=....d
0785: .i.:.....R..C(..z.@t...5..w.h....E....D....}.......#..Wb_....9..
07c5: .{.....\.#....Y...g.vxe2!^.G....Q....T....2.+:s.R...mY\....S..c
0805: .^I.=.....C....d.w........Wy72........<.M.*rU+rh)t.]A..D....RN..
0845: _g.~.....8f...Y..f_.....EMc,UC...Di.m........`._..xt?.cAbA..N.g
0885: ...U.5<.B.m..........{XG..{.%..d.............A...A19..@v........
08c5: 2....Z.....V..;P\XX@........y...e..V...._..,z..Z....>{..G...I..?
0905: ;.DI.Z..4..w../...7.....)....e..H..2v...,.....d....J....~T.F{.#
0945: 8K.Qh.T.m9X...b...C...C.+..cj.J_do.CfM....._.5.C=.?..Ee.c.R....
0985: ...H.]....u0.9[Yk...4n..}.e/.....X.V?*b"WN.c(...6\.D..z%....5..d
09c5: ..........(..1.k..^.......E.[.TE.....T.w..|Z."....<./#......LAM
0a05: E3.99.5......M..aRBh.,.E...z..Rq.R%...`L.I..P...z;/HI-.D&g....G.
0a45: X?.O.........d....~`..F.HI-..=.LAME3.99.5UUUUUUUUUUUUUUUUUUUUU
0a85: UUUUUUUUUUUUUUUUUUUUUUUUUUUUUUUUUUUUUUUUUUUUUUUUUUUUUUUUUUUUUUUU
0ac5: UUUUUUUUUUUUUUUUUUUUUUUUUUUUU..d....ZH>K.$UUUUUUUUUUUUUUUUUUUUUU
0b05: UUUUUUUUUUUUUUUUUUUUUUUUUUUUUUUUUUUUUUUUUUUUUUUUUUUUUUUUUUUUUUUU
0b45: UUUUUUUUUUUUUUUUUUUUUUUUUUUUUUUUUUUUUUUUUUUUU
0b74: --c605d80d-0d2b-4038-ac83-84893af96307--
0b9e: 
<= Recv SSL data, 5 bytes (0x5)
0000: .....
<= Recv data, 5 bytes (0x5)
0000: 0
0003: 
== Info: Connection #0 to host access-alexa-na.amazon.com left intact
